<?xml version="1.0" encoding="UTF-8"?>
<testng-results ignored="0" total="1" passed="1" failed="0" skipped="0">
  <reporter-output>
  </reporter-output>
  <suite started-at="2021-10-11T10:34:57 IST" name="Default suite" finished-at="2021-10-11T10:34:57 IST" duration-ms="312">
    <groups>
    </groups>
    <test started-at="2021-10-11T10:34:57 IST" name="Default test" finished-at="2021-10-11T10:34:57 IST" duration-ms="312">
      <class name="testNgclasses.Basic">
        <test-method is-config="true" signature="xyz1()[pri:0, instance:testNgclasses.Basic@623a8092]" started-at="2021-10-11T10:34:57 IST" name="xyz1" finished-at="2021-10-11T10:34:57 IST" duration-ms="102" status="PASS">
          <reporter-output>
          </reporter-output>
        </test-method> <!-- xyz1 -->
        <test-method is-config="true" signature="xyz()[pri:0, instance:testNgclasses.Basic@623a8092]" started-at="2021-10-11T10:34:57 IST" name="xyz" finished-at="2021-10-11T10:34:57 IST" duration-ms="2" status="PASS">
          <reporter-output>
          </reporter-output>
        </test-method> <!-- xyz -->
        <test-method is-config="true" signature="xyz2()[pri:0, instance:testNgclasses.Basic@623a8092]" started-at="2021-10-11T10:34:57 IST" name="xyz2" finished-at="2021-10-11T10:34:57 IST" duration-ms="2" status="PASS">
          <reporter-output>
          </reporter-output>
        </test-method> <!-- xyz2 -->
        <test-method signature="test()[pri:0, instance:testNgclasses.Basic@623a8092]" started-at="2021-10-11T10:34:57 IST" name="test" finished-at="2021-10-11T10:34:57 IST" duration-ms="32" status="PASS">
          <reporter-output>
          </reporter-output>
        </test-method> <!-- test -->
        <test-method is-config="true" signature="abc()[pri:0, instance:testNgclasses.Basic@623a8092]" started-at="2021-10-11T10:34:57 IST" name="abc" finished-at="2021-10-11T10:34:57 IST" duration-ms="1" status="PASS">
          <reporter-output>
          </reporter-output>
        </test-method> <!-- abc -->
        <test-method is-config="true" signature="abc2()[pri:0, instance:testNgclasses.Basic@623a8092]" started-at="2021-10-11T10:34:57 IST" name="abc2" finished-at="2021-10-11T10:34:57 IST" duration-ms="1" status="PASS">
          <reporter-output>
          </reporter-output>
        </test-method> <!-- abc2 -->
        <test-method is-config="true" signature="abc1()[pri:0, instance:testNgclasses.Basic@623a8092]" started-at="2021-10-11T10:34:57 IST" name="abc1" finished-at="2021-10-11T10:34:57 IST" duration-ms="1" status="PASS">
          <reporter-output>
          </reporter-output>
        </test-method> <!-- abc1 -->
      </class> <!-- testNgclasses.Basic -->
    </test> <!-- Default test -->
  </suite> <!-- Default suite -->
</testng-results>
